[2025-10-28 10:06:50] Experiment Start!!!
[2025-10-28 10:28:13] try_exp: 1, Metric: 0.1917
[2025-10-28 11:26:45] try_exp: 2, Metric: 0.2873
[2025-10-28 11:26:45] ==> Best try_exp: 2, local_best_metric: 0.2873

[2025-10-28 11:26:45] The Best Hyperparameters: {'try_exp': 2}

[2025-10-28 11:26:45] Running at 2025-10-28 11:26: python run_train.py --exp_name OurModelConfig --retrain 1 --try_exp 2

[2025-10-28 12:12:47] All commands executed successfully.

[2025-11-28 20:51:02] Experiment Start!!!
[2025-11-28 20:52:17] Experiment interrupted by user.
[2025-11-28 20:52:17] All commands executed successfully.

[2025-11-28 20:52:23] Experiment Start!!!
[2025-11-28 20:55:40] Experiment interrupted by user.
[2025-11-28 20:55:40] All commands executed successfully.

[2025-11-28 20:56:55] Experiment Start!!!
[2025-11-28 20:56:56] Experiment interrupted by user.
[2025-11-28 20:56:56] All commands executed successfully.

[2025-11-28 21:02:36] Experiment Start!!!
[2025-11-28 21:05:51] d_model: 32, Metric: 0.7262
[2025-11-28 21:09:28] d_model: 64, Metric: 0.7280
[2025-11-28 21:14:23] d_model: 128, Metric: 0.7280
[2025-11-28 21:22:27] Experiment interrupted by user.
[2025-11-28 21:22:27] All commands executed successfully.

[2025-11-28 21:26:02] Experiment Start!!!
[2025-11-28 21:30:11] Experiment interrupted by user.
[2025-11-28 21:30:11] All commands executed successfully.

[2025-11-28 21:30:14] Experiment Start!!!
[2025-11-28 21:35:20] d_model: 128, Metric: 0.2246
[2025-11-28 21:46:26] d_model: 256, Metric: 0.2193
[2025-11-28 21:47:06] All commands executed successfully.

